<?xml version="1.0" encoding="utf-8"?>
<TestRun id="2e3f228c-eddd-4375-b0ba-279432589db9" name="@SUNDAY 2021-05-18 22:29:40" xmlns="http://microsoft.com/schemas/VisualStudio/TeamTest/2010">
  <Times creation="2021-05-18T22:29:40.3167529-04:00" queuing="2021-05-18T22:29:40.3167532-04:00" start="2021-05-18T22:29:15.2102556-04:00" finish="2021-05-18T22:29:40.3660064-04:00" />
  <TestSettings name="default" id="c9801118-04ac-4600-8339-a5fc2e303903">
    <Deployment runDeploymentRoot="_SUNDAY_2021-05-18_22_29_40" />
  </TestSettings>
  <Results>
    <UnitTestResult executionId="ba7bf251-91fb-4680-90d3-0307880e79bd" testId="1ad5a6bf-6f74-c260-3a8a-f9bda2aca41b" testName="CalenderPlanner.Testing.UnitTest1.Test1" computerName="SUNDAY" duration="00:00:00.0187754" startTime="2021-05-18T22:29:39.7849911-04:00" endTime="2021-05-18T22:29:39.7852904-04:00" testType="13cdc9d9-ddb5-4fa4-a97d-d965ccfc6d4b" outcome="Passed" testListId="8c84fa94-04c1-424b-9868-57a2d4851a1d" relativeResultsDirectory="ba7bf251-91fb-4680-90d3-0307880e79bd" />
  </Results>
  <TestDefinitions>
    <UnitTest name="CalenderPlanner.Testing.UnitTest1.Test1" storage="/home/drayh/revature/project_two/calenderplanner.testing/bin/debug/net5.0/calenderplanner.testing.dll" id="1ad5a6bf-6f74-c260-3a8a-f9bda2aca41b">
      <Execution id="ba7bf251-91fb-4680-90d3-0307880e79bd" />
      <TestMethod codeBase="/home/drayh/revature/project_two/CalenderPlanner.Testing/bin/Debug/net5.0/CalenderPlanner.Testing.dll" adapterTypeName="executor://xunit/VsTestRunner2/netcoreapp" className="CalenderPlanner.Testing.UnitTest1" name="Test1" />
    </UnitTest>
  </TestDefinitions>
  <TestEntries>
    <TestEntry testId="1ad5a6bf-6f74-c260-3a8a-f9bda2aca41b" executionId="ba7bf251-91fb-4680-90d3-0307880e79bd" testListId="8c84fa94-04c1-424b-9868-57a2d4851a1d" />
  </TestEntries>
  <TestLists>
    <TestList name="Results Not in a List" id="8c84fa94-04c1-424b-9868-57a2d4851a1d" />
    <TestList name="All Loaded Results" id="19431567-8539-422a-85d7-44ee4e166bda" />
  </TestLists>
  <ResultSummary outcome="Completed">
    <Counters total="1" executed="1" passed="1" failed="0" error="0" timeout="0" aborted="0" inconclusive="0" passedButRunAborted="0" notRunnable="0" notExecuted="0" disconnected="0" warning="0" completed="0" inProgress="0" pending="0" />
    <Output>
      <StdOut>[xUnit.net 00:00:00.02] xUnit.net VSTest Adapter v2.4.3+1b45f5407b (64-bit .NET 5.0.5)
[xUnit.net 00:00:16.78]   Discovering: CalenderPlanner.Testing
[xUnit.net 00:00:16.97]   Discovered:  CalenderPlanner.Testing
[xUnit.net 00:00:16.99]   Starting:    CalenderPlanner.Testing
[xUnit.net 00:00:17.47]   Finished:    CalenderPlanner.Testing
</StdOut>
    </Output>
  </ResultSummary>
</TestRun>